<?xml version="1.0" encoding="UTF-8"?>
<!-- Generated by org.testng.reporters.JUnitReportReporter -->
<testsuite hostname="Santoshs-MacBook-Pro.local" failures="0" tests="1" name="seleniumGrid.RSATest" time="6.438" errors="0" timestamp="2024-02-20T02:39:38 CST" skipped="0">
  <testcase classname="seleniumGrid.RSATest" name="homePageCheck" time="6.438"/>
</testsuite> <!-- seleniumGrid.RSATest -->
